timestamp: 2015-06-11T14:41:47.818186
CREATE TABLE auth_user(
    id INTEGER PRIMARY KEY AUTOINCREMENT,
    first_name CHAR(128),
    last_name CHAR(128),
    email CHAR(512),
    password CHAR(512),
    registration_key CHAR(512),
    reset_password_key CHAR(512),
    registration_id CHAR(512)
);
success!
timestamp: 2015-06-11T14:41:47.832904
CREATE TABLE auth_group(
    id INTEGER PRIMARY KEY AUTOINCREMENT,
    role CHAR(512),
    description TEXT
);
success!
timestamp: 2015-06-11T14:41:47.845962
CREATE TABLE auth_membership(
    id INTEGER PRIMARY KEY AUTOINCREMENT,
    user_id INTEGER REFERENCES auth_user (id) ON DELETE CASCADE,
    group_id INTEGER REFERENCES auth_group (id) ON DELETE CASCADE
);
success!
timestamp: 2015-06-11T14:41:47.857942
CREATE TABLE auth_permission(
    id INTEGER PRIMARY KEY AUTOINCREMENT,
    group_id INTEGER REFERENCES auth_group (id) ON DELETE CASCADE,
    name CHAR(512),
    table_name CHAR(512),
    record_id INTEGER
);
success!
timestamp: 2015-06-11T14:41:47.870450
CREATE TABLE auth_event(
    id INTEGER PRIMARY KEY AUTOINCREMENT,
    time_stamp TIMESTAMP,
    client_ip CHAR(512),
    user_id INTEGER REFERENCES auth_user (id) ON DELETE CASCADE,
    origin CHAR(512),
    description TEXT
);
success!
timestamp: 2015-06-11T14:41:47.883691
CREATE TABLE auth_cas(
    id INTEGER PRIMARY KEY AUTOINCREMENT,
    user_id INTEGER REFERENCES auth_user (id) ON DELETE CASCADE,
    created_on TIMESTAMP,
    service CHAR(512),
    ticket CHAR(512),
    renew CHAR(1)
);
success!
timestamp: 2015-06-16T09:11:49.866404
CREATE TABLE aluno(
    id INTEGER PRIMARY KEY AUTOINCREMENT,
    nome CHAR(512)
);
success!
timestamp: 2015-06-16T09:11:49.997800
CREATE TABLE professor(
    id INTEGER PRIMARY KEY AUTOINCREMENT,
    nome CHAR(512),
    username CHAR(512) UNIQUE,
    senha CHAR(512)
);
success!
timestamp: 2015-06-16T09:11:50.141296
CREATE TABLE tipo_atividade(
    id INTEGER PRIMARY KEY AUTOINCREMENT,
    nome CHAR(512)
);
success!
timestamp: 2015-06-16T09:11:50.286155
CREATE TABLE atividade(
    id INTEGER PRIMARY KEY AUTOINCREMENT,
    nome CHAR(512),
    tipo INTEGER REFERENCES tipo_atividade (id) ON DELETE CASCADE,
    corpo TEXT
);
success!
timestamp: 2015-06-16T09:11:50.454670
CREATE TABLE recebido(
    id INTEGER PRIMARY KEY AUTOINCREMENT,
    atividade INTEGER REFERENCES atividade (id) ON DELETE CASCADE,
    aluno INTEGER REFERENCES aluno (id) ON DELETE CASCADE,
    resumo TEXT
);
success!
